Patreon#1968 IS NOT A SEARCHABLE CLIENT
iCanadas#0666 (null) INVALID IGNs
(null) Bowby#0001 DOES NOT HAVE A HYPIXEL TAG
Groovy#7254 IS NOT A SEARCHABLE CLIENT
ImSavage_#4776 is already registered
TheOtherVerion#6518 is already registered
(null) JOEL#6400 DOES NOT HAVE A HYPIXEL TAG
(null) Bowby#0001 DOES NOT HAVE A HYPIXEL TAG
(null) 317#6166 DOES NOT HAVE A HYPIXEL TAG
TheOtherVerion#6518 is already registered
Sub2TopVibe#1796 (null) INVALID IGNs
MrTomato#9412 is already registered
Dank Memer#5192 IS NOT A SEARCHABLE CLIENT
(null) Pelle#4274 DOES NOT HAVE A HYPIXEL TAG
(Mike) MikeFresh#9968 DOES NOT HAVE A HYPIXEL TAG
(null) elyes#9073 DOES NOT HAVE A HYPIXEL TAG
(undefined) Buttzz#2818 DOES NOT HAVE A HYPIXEL TAG
TheOtherVerion’s Testing Account#0423 (TheOtherVerion's alt) INVALID IGNs
Hypixel Bot#2673 IS NOT A SEARCHABLE CLIENT
Connections Bot#2413 IS NOT A SEARCHABLE CLIENT
(317's Alt | TheOther317) EutansBlade#5388 DOES NOT HAVE A HYPIXEL TAG
(null) 317#6166 DOES NOT HAVE A HYPIXEL TAG
Mifki#0269 is already registered
MrTomato#9412 is already registered
ShadowSlayerツ#5688 (null) INVALID IGNs
(null) Daron#6330 DOES NOT HAVE A HYPIXEL TAG
(null) Krad#7653 DOES NOT HAVE A HYPIXEL TAG
(null) dabes#0261 DOES NOT HAVE A HYPIXEL TAG
TakenKills#8990 is already registered
(null) 3lie#1699 DOES NOT HAVE A HYPIXEL TAG
iamtomat#6670 (null) INVALID IGNs
(null) chqco#9624 TAG DOES NOT MATCH Chqco#9624
(null) rayonsoleil#9975 DOES NOT HAVE A HYPIXEL TAG
(undefined) waitron#3328 DOES NOT HAVE A HYPIXEL TAG
(null) Miko#5032 DOES NOT HAVE A HYPIXEL TAG
(null) xAyman#5811 DOES NOT HAVE A HYPIXEL TAG
(null) Foxyy#6009 DOES NOT HAVE A HYPIXEL TAG
(undefined) Fantasma#1445 DOES NOT HAVE A HYPIXEL TAG
Anti-Tomato#7726 (null) INVALID IGNs
WarOG#6107 is already registered
(null) GOOSE#9758 DOES NOT HAVE A HYPIXEL TAG
(null) Kapulia#3485 DOES NOT HAVE A HYPIXEL TAG
CaptainEditor#4432 is already registered
(null) Mart#6852 DOES NOT HAVE A HYPIXEL TAG
Happycronite#3495 is already registered
(null) KingMigDOR#0001 DOES NOT HAVE A HYPIXEL TAG
an octopus#9805 (null) INVALID IGNs
(null) Soozhy#8216 DOES NOT HAVE A HYPIXEL TAG
afkJustin#6915 is already registered
BlueBloods™#8126 IS NOT A SEARCHABLE CLIENT
Mathpixel#6526 is already registered
ohFinn#0001 is already registered
(wrawrhead) Potterhead#6549 DOES NOT HAVE A HYPIXEL TAG
(null) Cleric#4876 DOES NOT HAVE A HYPIXEL TAG
Connections Bot#2413 IS NOT A SEARCHABLE CLIENT
DarkMinded#2299 is already registered
ComBot Beta#4081 IS NOT A SEARCHABLE CLIENT
_PeDrO_293#2933 (null) INVALID IGNs
(null) Waelswag#8517 DOES NOT HAVE A HYPIXEL TAG
Events#0175 IS NOT A SEARCHABLE CLIENT
Asda321#2625 (null) INVALID IGNs
かくめい#9201 (null) INVALID IGNs
Cruelghetto#0909 is already registered
(null) ItsAt#9560 DOES NOT HAVE A HYPIXEL TAG
(null) acudofanboy#9580 TAG DOES NOT MATCH screwparty#9580
Cosmic#1000 is already registered
(null) Zenroy#6049 DOES NOT HAVE A HYPIXEL TAG
ƏŅĐŽĪØ#8822 (null) INVALID IGNs
(null) StarGlitterRose#2465 DOES NOT HAVE A HYPIXEL TAG
eHypixel#9711 is already registered
(Turtii) turt#8944 TAG DOES NOT MATCH Turt#8944
Bluq#2277 is already registered
(vrnn) vrn!#4037 DOES NOT HAVE A HYPIXEL TAG
(undefined) Yellowa#2470 DOES NOT HAVE A HYPIXEL TAG
(null) Sandiste#5603 DOES NOT HAVE A HYPIXEL TAG
(Blendir) Sexy Axolotl#7705 DOES NOT HAVE A HYPIXEL TAG
Craftor#9850 is already registered
(YouAreAdopted) vSharky#6371 DOES NOT HAVE A HYPIXEL TAG
SuperPlayz#5959 (null) INVALID IGNs
erica#0610 is already registered
Codies#0001 is already registered
Schnerik43#1389 (undefined) INVALID IGNs
(null) Daresome#4407 DOES NOT HAVE A HYPIXEL TAG
(null) Emirry#6864 DOES NOT HAVE A HYPIXEL TAG
(null) Eton#5058 DOES NOT HAVE A HYPIXEL TAG
(Wardoudou) Wardoxy#9999 DOES NOT HAVE A HYPIXEL TAG
Grana#8624 is already registered
Embrace#8103 is already registered
DjSkizzy#6129 (null) INVALID IGNs
(null) Displayed#6557 DOES NOT HAVE A HYPIXEL TAG
(null) Endervillager#6449 DOES NOT HAVE A HYPIXEL TAG
Kavbin#3788 is already registered
(null) Deejai#4475 DOES NOT HAVE A HYPIXEL TAG
Alonmario1#8756 is already registered
CryinCryptic#8169 (HappyCrypric) INVALID IGNs
(undefined) DeathlyVoices#0001 DOES NOT HAVE A HYPIXEL TAG
h1perf1ux#1260 is already registered
Groovy#7254 IS NOT A SEARCHABLE CLIENT
(null) marcel#5483 DOES NOT HAVE A HYPIXEL TAG
(null) deku#8227 DOES NOT HAVE A HYPIXEL TAG
(le died of food feels) Feels#0331 DOES NOT HAVE A HYPIXEL TAG
Mystic#8521 is already registered
(null) flappydunk#9399 DOES NOT HAVE A HYPIXEL TAG
(null) apricot#0979 DOES NOT HAVE A HYPIXEL TAG
bLUebURrie tHe sHaRpShoOTeR#8360 (undefined) INVALID IGNs
(null) Shadowspirit#5760 DOES NOT HAVE A HYPIXEL TAG
(undefined) wizards#8334 DOES NOT HAVE A HYPIXEL TAG
(undefined) chad#1909 DOES NOT HAVE A HYPIXEL TAG
Mira_23#8803 is already registered
FiReTaPs#9307 is already registered
Estmental#5695 (undefined) INVALID IGNs
(null) howlost#1672 DOES NOT HAVE A HYPIXEL TAG
(null) Bishr#2071 DOES NOT HAVE A HYPIXEL TAG
Zeky#2185 is already registered
(null) Rushberry#0538 TAG DOES NOT MATCH Rushberry#0101
Weeeii#6336 (null) INVALID IGNs
MikeFresh#9968 (starmeon) was registered as starmeon
(undefined) abby#4903 DOES NOT HAVE A HYPIXEL TAG
(null) _QwO_#2744 TAG DOES NOT MATCH bedder#2744
friendly_Reivval#3718 (n_m5) INVALID IGNs
(null) AJ13005#7059 TAG DOES NOT MATCH AJ13005#8280
(null) wez#0001 DOES NOT HAVE A HYPIXEL TAG
(N0tTryhard) 69<3#2510 DOES NOT HAVE A HYPIXEL TAG
YAGPDB.xyz#8760 IS NOT A SEARCHABLE CLIENT
PigRank#4009 is already registered
Incessive#0818 is already registered
Awkwardchild#8033 is already registered
Cookies#2274 is already registered
Sky_IceWall#5273 is already registered
(Priceyy) 𝓣𝓻𝔂𝓵𝓮𝔁 ツ#5792 TAG DOES NOT MATCH Trylex#5792
(null) Colin#5389 TAG DOES NOT MATCH FreeAccount#0000
(undefined) endy#6243 DOES NOT HAVE A HYPIXEL TAG
fehhs#4937 is already registered
paris#8217 is already registered
BLTMASTER_#1297 is already registered
Hypixel Bot#2673 IS NOT A SEARCHABLE CLIENT
(null) xPas_#5706 DOES NOT HAVE A HYPIXEL TAG
(WinteryCat) xCatastrophe#0562 DOES NOT HAVE A HYPIXEL TAG
Scottishlad#6666 is already registered
[?] TAC Announcer#2965 IS NOT A SEARCHABLE CLIENT
(null) Foxyy#6009 DOES NOT HAVE A HYPIXEL TAG
.w. !?#4159 (null) INVALID IGNs
wqly#1317 is already registered
(Arc) lofi#2973 DOES NOT HAVE A HYPIXEL TAG
agreedhaddock#5695 (undefined) INVALID IGNs
Hnzi#9269 is already registered
(null) Sov#4043 DOES NOT HAVE A HYPIXEL TAG
(null) Unrt#6424 DOES NOT HAVE A HYPIXEL TAG
(Tunners) Failedkills#9114 DOES NOT HAVE A HYPIXEL TAG
FrostyCookies#5606 (undefined) INVALID IGNs
Sharkloot#2992 is already registered
(undefined) Aninio#6226 TAG DOES NOT MATCH https://discord.gg/BuZUCg
(null) qlurr#9349 DOES NOT HAVE A HYPIXEL TAG
PureMisery#0001 is already registered
mrkcdl#1701 (undefined) INVALID IGNs
(null) Boogerman#3431 DOES NOT HAVE A HYPIXEL TAG
MEE6#4876 IS NOT A SEARCHABLE CLIENT
zmpssmith#5467 (null) INVALID IGNs
(ughJesus) simply#9023 TAG DOES NOT MATCH SimplyJesus#9023
Govindas Herūnas#8290 (null) INVALID IGNs
(undefined) Glitch#5057 DOES NOT HAVE A HYPIXEL TAG
(undefined) WeX#0637 DOES NOT HAVE A HYPIXEL TAG
droneM4#1190 is already registered
(Lavur) LionToast#2757 DOES NOT HAVE A HYPIXEL TAG
(null) AspectOfThePots#3089 TAG DOES NOT MATCH yeetmeister_XD#3089
DaFasfter (Faf)#3717 (undefined) INVALID IGNs
OtherVerion#8965 (null) INVALID IGNs
𝕀𝕥𝕫𝔽𝕖𝕝𝕝𝕠𝕨#8323 (undefined) INVALID IGNs
(null) uwuowo#8800 DOES NOT HAVE A HYPIXEL TAG
(317 v3) Other317#6884 DOES NOT HAVE A HYPIXEL TAG
FilippIrakl#1268 is already registered
Algreen111#0580 (undefined) INVALID IGNs
(null) Taken#5048 DOES NOT HAVE A HYPIXEL TAG
TheOtherVerion#6518 is already registered
(null) Rendr#7745 TAG DOES NOT MATCH rendr#7745
PhaDaRecK#4237 is already registered
Gingivere#5986 is already registered
(null) ItzMaciek#3389 DOES NOT HAVE A HYPIXEL TAG
(null) Steamy#0001 DOES NOT HAVE A HYPIXEL TAG
(null) vitela#4600 DOES NOT HAVE A HYPIXEL TAG
TheRealKarp#8025 is already registered
(null) o3w#0095 TAG DOES NOT MATCH Titou1#0095
(R3tromanCZ) Dexter#2187 DOES NOT HAVE A HYPIXEL TAG
famousplayerVELOY#7275 (undefined) INVALID IGNs
(TheArcDude) oArc#0458 TAG DOES NOT MATCH [BOOMER] TheArcDude#0458
Morich#5188 is already registered
Yapad#6293 is already registered
ItzLz#6087 (undefined) INVALID IGNs
(null) lemon#4012 DOES NOT HAVE A HYPIXEL TAG
SaltyLikeMee#9367 (null) INVALID IGNs
(undefined) Niki#5935 DOES NOT HAVE A HYPIXEL TAG
Specs.T#6581 (null) INVALID IGNs
updatedsoftware#0733 is already registered
AnThony#3928 is already registered
Marx Emblem#7633 (undefined) INVALID IGNs
egom#0555 is already registered
(null) Axeternal#3669 DOES NOT HAVE A HYPIXEL TAG
NotKingEpicBananas#1126 (undefined) INVALID IGNs
(null) Hot_head#8387 DOES NOT HAVE A HYPIXEL TAG
(TheSlimeGaming) FrostyJ#3992 DOES NOT HAVE A HYPIXEL TAG
(null) Sushiye#9756 DOES NOT HAVE A HYPIXEL TAG
(null) mcvisuals#0002 DOES NOT HAVE A HYPIXEL TAG
(ThiccPhat) 19x2#2538 DOES NOT HAVE A HYPIXEL TAG
Ella⭐✌#9622 (null) INVALID IGNs
Notdogback#3595 (null) INVALID IGNs
uwu#3764 is already registered
enjo#7590 is already registered
🙈mastermatpie🙈#2288 (null) INVALID IGNs
(null) Leex#5167 DOES NOT HAVE A HYPIXEL TAG
(null) TomCabloGaming#8544 DOES NOT HAVE A HYPIXEL TAG
ABurningAura#9945 is already registered
maeves got a knife#7328 (undefined) INVALID IGNs
NathanDh#8571 is already registered
UltrqInstinct#6443 (null) INVALID IGNs
Code#4409 is already registered
(NewNameWhoThis) Jams#0788 DOES NOT HAVE A HYPIXEL TAG
(enoitna) Antoine / Eno#0157 DOES NOT HAVE A HYPIXEL TAG
(null) Axeternal#7062 DOES NOT HAVE A HYPIXEL TAG
(Kosen) Netherstory#9719 DOES NOT HAVE A HYPIXEL TAG
(null) Nikl11Nikl#2634 TAG DOES NOT MATCH Nikl11NiklYT#2634
(null) vro#2619 DOES NOT HAVE A HYPIXEL TAG
Quadrupled#8980 is already registered
난 주가리 잘생겼디#0001 (null) INVALID IGNs
(PhantomGamer4028) PhantomGamer#4028 DOES NOT HAVE A HYPIXEL TAG
(null) Cild#0666 DOES NOT HAVE A HYPIXEL TAG
(null) mathis#1238 DOES NOT HAVE A HYPIXEL TAG
Dyno#3861 IS NOT A SEARCHABLE CLIENT
(null) Lectro#4556 DOES NOT HAVE A HYPIXEL TAG
(null) Suzerain#9600 DOES NOT HAVE A HYPIXEL TAG
BlazeFria#1194 is already registered
rClrd#7121 is already registered
NotNexus#7039 is already registered
(undefined) listenings#8716 TAG DOES NOT MATCH Listenings#8716
(317 v4 | 1033) 1033#2094 DOES NOT HAVE A HYPIXEL TAG
justimagine_#6334 is already registered
Chipperonio#8614 is already registered
Hari108#4261 (null) INVALID IGNs
Banpai#5438 is already registered
gf#6520 (undefined) INVALID IGNs
weasel06#2216 (undefined) INVALID IGNs
Hyacanthus#8388 is already registered
Agent Dominic#4940 (undefined) INVALID IGNs
ImaStopNow#2542 (null) INVALID IGNs
(null) MrGablo#4464 DOES NOT HAVE A HYPIXEL TAG
MothTheOtaku#0737 is already registered
EzClicks#8651 is already registered
(null) DepressedDuck#6808 TAG DOES NOT MATCH 020672#6808
(null) DrRiddle#1915 DOES NOT HAVE A HYPIXEL TAG
ProBot ✨#5803 IS NOT A SEARCHABLE CLIENT
(null) Andrix#1549 DOES NOT HAVE A HYPIXEL TAG
MrTomato#9412 is already registered
(null) GreenyLeaf222#5110 DOES NOT HAVE A HYPIXEL TAG
(yOwOshi) yoshi#7729 TAG DOES NOT MATCH yoshi_in_black69#3626
(WensBot™) Wens#0001 TAG DOES NOT MATCH Hugo#0069
Connections Bot#2413 IS NOT A SEARCHABLE CLIENT
(null) rotide#3523 DOES NOT HAVE A HYPIXEL TAG
Reaction Roles#8423 IS NOT A SEARCHABLE CLIENT
(null) Shqrp#0001 DOES NOT HAVE A HYPIXEL TAG
(69Savages) Savages#2841 TAG DOES NOT MATCH iStealSavages#2841
𝔽𝕣𝕢𝕞𝕖#4938 (null) INVALID IGNs
(null) HA_lmao#7370 DOES NOT HAVE A HYPIXEL TAG
vuoly#9351 (null) INVALID IGNs
(null) JuliusVer#7304 TAG DOES NOT MATCH 087371#7304
彡michelle#4512 (null) INVALID IGNs
(undefined) FrostDragon#5227 DOES NOT HAVE A HYPIXEL TAG
(lehhs) artie#9694 DOES NOT HAVE A HYPIXEL TAG
(null) 69_Boomer#1549 TAG DOES NOT MATCH 69_boomer#1549
Sleepy  あなたのゲイ#2094 (null) INVALID IGNs
無解#8139 (null) INVALID IGNs
(null) InvaderGamerYT#9707 DOES NOT HAVE A HYPIXEL TAG
(Combo1ng) Strike#3307 DOES NOT HAVE A HYPIXEL TAG
(null) Dasnerth#0001 TAG DOES NOT MATCH Dasnerth#5740
Ayjei#4990 is already registered
StrafeLife#9075 is already registered
Scamings#4949 is already registered
(null) GuildMenu#8549 TAG DOES NOT MATCH Guild#8549
! Ln-Josef ♪#6298 (null) INVALID IGNs
seiizo#0910 is already registered
Firehawk2025#0768 is already registered
(null) Snowade#1234 DOES NOT HAVE A HYPIXEL TAG
(HomeBoyAshee) oAshee#1691 TAG DOES NOT MATCH iiAsheeYT#1691
Grailey#3456 is already registered
(null) bear#5519 DOES NOT HAVE A HYPIXEL TAG
Noodlesinthehood#5958 (undefined) INVALID IGNs
ArthasMaxim#6603 is already registered
(sloes) eloy#9999 TAG DOES NOT MATCH sloes#6299
(null) Interaction#0069 DOES NOT HAVE A HYPIXEL TAG
ForruptedHrek#5600 is already registered
Rythm#3722 IS NOT A SEARCHABLE CLIENT
(null) Nutty#2793 DOES NOT HAVE A HYPIXEL TAG
Lemonum#6969 is already registered
(37han1) hanthegreat9#8730 DOES NOT HAVE A HYPIXEL TAG
(null) Pelist#4564 DOES NOT HAVE A HYPIXEL TAG
ImAmNickyYT#9684 (undefined) INVALID IGNs
jjj700™#1143 (Lord jjj700) INVALID IGNs
Events#0175 IS NOT A SEARCHABLE CLIENT
icty#6837 is already registered
(DaddyEscobar) Daron#6784 DOES NOT HAVE A HYPIXEL TAG
TrappedKid#9939 is already registered
(null) simen#8601 DOES NOT HAVE A HYPIXEL TAG
(undefined) Mattiekoe#3892 DOES NOT HAVE A HYPIXEL TAG
(null) volaxi#8938 TAG DOES NOT MATCH communistify#8938
(clqf) Olaafff#9918 DOES NOT HAVE A HYPIXEL TAG
(null) atrinclient#0710 TAG DOES NOT MATCH Atrinclient#0710
MiniPatrickMiniPatrickMini#0012 (null) INVALID IGNs
ApplePies#7974 (null) INVALID IGNs
Penghz#2824 is already registered
(null) Zuarey#2471 TAG DOES NOT MATCH Zuawey#1358
Sammiblue#4422 is already registered
MitralyxL#1337 is already registered
(null) justyin#1049 TAG DOES NOT MATCH Justyin#6969
(317 | QuantumZ_) 317#6166 DOES NOT HAVE A HYPIXEL TAG
(null) Oluprite#3619 TAG DOES NOT MATCH Oluprite#6665
(undefined) oScythe_#2017 TAG DOES NOT MATCH 00ooo00F#2017
Firal#8686 is already registered
(null) Toumba#2112 DOES NOT HAVE A HYPIXEL TAG
Artiiiic#6730 is already registered
jirz#6332 is already registered
(OhhKam) Kam#1757 DOES NOT HAVE A HYPIXEL TAG
Yoursole1#7254 is already registered
dragon_o#8518 is already registered
smellbad#3057 is already registered
(undefined) MypoGamingyt#5408 DOES NOT HAVE A HYPIXEL TAG
JimHM#2708 (null) INVALID IGNs
(yich_) yich#1894 DOES NOT HAVE A HYPIXEL TAG
Max !#8050 (null) INVALID IGNs
?+07/_#4740 (null) INVALID IGNs
(null) swovo#9112 DOES NOT HAVE A HYPIXEL TAG
Darkerism#6349 is already registered
(Goosiest) GOOSE#9758 TAG DOES NOT MATCH L0CK3D#9758
(null) Creadword#6644 DOES NOT HAVE A HYPIXEL TAG
ΚΛLXI#4178 (null) INVALID IGNs
(FishIrakl) bobbert#6670 TAG DOES NOT MATCH Bob#6670
NeoBoi#4196 (null) INVALID IGNs
(null) Wabbit_Bit#4419 TAG DOES NOT MATCH Wabbit-Bit#4419
(null) ollie#7597 DOES NOT HAVE A HYPIXEL TAG
Ye Boi#1822 is already registered
DeadlyWotsie#3534 is already registered
(null) NoTwo#3984 DOES NOT HAVE A HYPIXEL TAG
ArthurAndCie#2837 is already registered
GrammarlyPremium#4537 is already registered
(undefined) Ventystuipd#7200 DOES NOT HAVE A HYPIXEL TAG
CrisElPerro#4559 is already registered
Zundabear#8377 is already registered
6623fokz#2182 (OpGoDnEsS) INVALID IGNs
(undefined) neutral#2955 DOES NOT HAVE A HYPIXEL TAG
AbdulrahmanZ#6234 (null) INVALID IGNs
AJ13005#8280 is already registered
(TheOtherVerion) TheOtherVerion’s Testing Account#0423 TAG DOES NOT MATCH TheOtherVerion#6518
(undefined) Ecliptic#3259 DOES NOT HAVE A HYPIXEL TAG
